<?xml version="1.0" encoding="UTF-8"?>
<!-- Generated by org.testng.reporters.JUnitXMLReporter -->
<testsuite ignored="0" hostname="DESKTOP-MVJ2LAG" failures="0" tests="4" name="ChromeTest" time="63.97" errors="0" timestamp="2022-03-10T20:40:54 IST">
  <testcase classname="pack.VerifyAddToCartNBuy" name="@BeforeMethod loginApplication" time="24.961">
    <failure type="org.apache.poi.EmptyFileException" message="The supplied file was empty (zero bytes long)">
      <![CDATA[org.apache.poi.EmptyFileException: The supplied file was empty (zero bytes long)
at org.apache.poi.ss.usermodel.WorkbookFactory.create(WorkbookFactory.java:218)
at org.apache.poi.ss.usermodel.WorkbookFactory.create(WorkbookFactory.java:185)
at utils.Utility.getDataFromExcel(Utility.java:40)
at pack.VerifyAddToCartNBuy.loginApplication(VerifyAddToCartNBuy.java:79)
at java.base/java.util.ArrayList.forEach(ArrayList.java:1511)
... Removed 31 stack frames]]>
    </failure>
  </testcase> <!-- @BeforeMethod loginApplication -->
  <testcase classname="pack.VerifyAddToCartNBuy" name="@AfterMethod signOut" time="-1.646925040601E9">
    <skipped/>
  </testcase> <!-- @AfterMethod signOut -->
  <testcase classname="pack.VerifyAddToCartNBuy" name="@BeforeMethod loginApplication" time="-1.646925040609E9">
    <skipped/>
  </testcase> <!-- @BeforeMethod loginApplication -->
  <testcase classname="pack.VerifyAddToCartNBuy" name="@AfterMethod signOut" time="-1.646925040619E9">
    <skipped/>
  </testcase> <!-- @AfterMethod signOut -->
  <testcase classname="pack.VerifyAddToCartNBuy" name="@AfterClass closePOMObjects" time="-1.646925040622E9">
    <skipped/>
  </testcase> <!-- @AfterClass closePOMObjects -->
  <testcase classname="pack.VerifyMobileHeader" name="@BeforeMethod loginApplication" time="13.277">
    <failure type="org.apache.poi.EmptyFileException" message="The supplied file was empty (zero bytes long)">
      <![CDATA[org.apache.poi.EmptyFileException: The supplied file was empty (zero bytes long)
at org.apache.poi.ss.usermodel.WorkbookFactory.create(WorkbookFactory.java:218)
at org.apache.poi.ss.usermodel.WorkbookFactory.create(WorkbookFactory.java:185)
at utils.Utility.getDataFromExcel(Utility.java:40)
at pack.VerifyMobileHeader.loginApplication(VerifyMobileHeader.java:84)
at java.base/java.util.ArrayList.forEach(ArrayList.java:1511)
... Removed 31 stack frames]]>
    </failure>
  </testcase> <!-- @BeforeMethod loginApplication -->
  <testcase classname="pack.VerifyMobileHeader" name="@AfterMethod signOut" time="-1.646925053913E9">
    <skipped/>
  </testcase> <!-- @AfterMethod signOut -->
  <testcase classname="pack.VerifyMobileHeader" name="@BeforeMethod loginApplication" time="-1.646925053919E9">
    <skipped/>
  </testcase> <!-- @BeforeMethod loginApplication -->
  <testcase classname="pack.VerifyMobileHeader" name="@AfterMethod signOut" time="-1.646925053927E9">
    <skipped/>
  </testcase> <!-- @AfterMethod signOut -->
  <testcase classname="pack.VerifyMobileHeader" name="@AfterClass closePOMObjects" time="-1.646925053928E9">
    <skipped/>
  </testcase> <!-- @AfterClass closePOMObjects -->
  <testcase classname="pack.VerifyAddToCartNBuy" name="@AfterTest closeBrowser" time="-1.64692505393E9">
    <skipped/>
  </testcase> <!-- @AfterTest closeBrowser -->
  <testcase classname="pack.VerifyMobileHeader" name="@AfterTest closeBrowser" time="-1.646925053932E9">
    <skipped/>
  </testcase> <!-- @AfterTest closeBrowser -->
  <testcase classname="pack.VerifyAddToCartNBuy" name="verifyAddToCart" time="0.0">
    <skipped/>
  </testcase> <!-- verifyAddToCart -->
  <testcase classname="pack.VerifyAddToCartNBuy" name="verifyBuynow" time="0.0">
    <skipped/>
  </testcase> <!-- verifyBuynow -->
  <testcase classname="pack.VerifyMobileHeader" name="verifyMobileAddToCart" time="0.0">
    <skipped/>
  </testcase> <!-- verifyMobileAddToCart -->
  <testcase classname="pack.VerifyMobileHeader" name="verifyBestSellers" time="0.0">
    <skipped/>
  </testcase> <!-- verifyBestSellers -->
</testsuite> <!-- ChromeTest -->
