<?xml version="1.0" encoding="UTF-8"?>
<!-- Generated by org.testng.reporters.JUnitXMLReporter -->
<testsuite ignored="0" hostname="DESKTOP-MVJ2LAG" failures="0" tests="5" name="ChromeTest" time="70.361" errors="0" timestamp="2022-03-10T19:44:01 IST">
  <testcase classname="pack123.VerifyApplicationHeaders" name="verifyReportsPage" time="5.252"/>
  <testcase classname="pack123.VerifyApplicationHeaders" name="verifyTaskPage" time="3.466"/>
  <testcase classname="pack123.VerifyApplicationHeaders" name="verifyUserPage" time="5.232"/>
  <testcase classname="pack123.VerifyCreateTaskNReportFunctionality" name="verifyCreateTask" time="16.254"/>
  <testcase classname="pack123.VerifyCreateTaskNReportFunctionality" name="verifyReports" time="4.238"/>
</testsuite> <!-- ChromeTest -->
