<?xml version="1.0" encoding="UTF-8"?>
<!-- Generated by org.testng.reporters.JUnitXMLReporter -->
<testsuite ignored="0" hostname="DESKTOP-MVJ2LAG" failures="0" tests="5" name="RegressionSuite" time="56.375" errors="0" timestamp="2022-02-23T21:40:29 IST">
  <testcase classname="pack123.VerifyApplicationHeaders" name="verifyReportsPage" time="5.433"/>
  <testcase classname="pack123.VerifyApplicationHeaders" name="verifyTaskPage" time="3.542"/>
  <testcase classname="pack123.VerifyApplicationHeaders" name="verifyUserPage" time="4.955"/>
  <testcase classname="pack123.VerifyCreateTaskFunctionality" name="verifyCreateTask" time="9.153"/>
  <testcase classname="pack123.VerifyCreateTaskFunctionality" name="testB" time="4.949"/>
</testsuite> <!-- RegressionSuite -->
