<?xml version="1.0" encoding="UTF-8"?>
<!-- Generated by org.testng.reporters.JUnitXMLReporter -->
<testsuite ignored="0" hostname="DESKTOP-MVJ2LAG" failures="0" tests="5" name="Default test(failed)" time="0.221" errors="0" timestamp="2022-03-10T19:13:25 IST">
  <testcase classname="pack.VerifyHeaders" name="@BeforeTest launchBrowser" time="-1.646919805656E9">
    <failure type="org.testng.TestNGException" message="
Parameter &amp;apos;browser&amp;apos; is required by BeforeTest on method launchBrowser but has not been marked @Optional or defined
in D:\Nov\Kite-Feb2022\test-output\testng-failed.xml">
      <![CDATA[org.testng.TestNGException: 
Parameter 'browser' is required by BeforeTest on method launchBrowser but has not been marked @Optional or defined
in D:\Nov\Kite-Feb2022\test-output\testng-failed.xml
... Removed 21 stack frames]]>
    </failure>
  </testcase> <!-- @BeforeTest launchBrowser -->
  <testcase classname="pack.VerifyHeaders" name="@BeforeClass createObjectsOfPOMClasses" time="-1.646919805713E9">
    <skipped/>
  </testcase> <!-- @BeforeClass createObjectsOfPOMClasses -->
  <testcase classname="pack.VerifyHeaders" name="@BeforeMethod loginKite" time="-1.646919805732E9">
    <skipped/>
  </testcase> <!-- @BeforeMethod loginKite -->
  <testcase classname="pack.VerifyHeaders" name="@AfterMethod logoutKite" time="-1.646919805753E9">
    <skipped/>
  </testcase> <!-- @AfterMethod logoutKite -->
  <testcase classname="pack.VerifyHeaders" name="@BeforeMethod loginKite" time="-1.646919805762E9">
    <skipped/>
  </testcase> <!-- @BeforeMethod loginKite -->
  <testcase classname="pack.VerifyHeaders" name="@AfterMethod logoutKite" time="-1.646919805771E9">
    <skipped/>
  </testcase> <!-- @AfterMethod logoutKite -->
  <testcase classname="pack.VerifyHeaders" name="@BeforeMethod loginKite" time="-1.646919805777E9">
    <skipped/>
  </testcase> <!-- @BeforeMethod loginKite -->
  <testcase classname="pack.VerifyHeaders" name="@AfterMethod logoutKite" time="-1.646919805791E9">
    <skipped/>
  </testcase> <!-- @AfterMethod logoutKite -->
  <testcase classname="pack.VerifyHeaders" name="@BeforeMethod loginKite" time="-1.646919805799E9">
    <skipped/>
  </testcase> <!-- @BeforeMethod loginKite -->
  <testcase classname="pack.VerifyHeaders" name="@AfterMethod logoutKite" time="-1.646919805818E9">
    <skipped/>
  </testcase> <!-- @AfterMethod logoutKite -->
  <testcase classname="pack.VerifyHeaders" name="@BeforeMethod loginKite" time="-1.646919805831E9">
    <skipped/>
  </testcase> <!-- @BeforeMethod loginKite -->
  <testcase classname="pack.VerifyHeaders" name="@AfterMethod logoutKite" time="-1.646919805846E9">
    <skipped/>
  </testcase> <!-- @AfterMethod logoutKite -->
  <testcase classname="pack.VerifyHeaders" name="@AfterClass closePOMObjects" time="-1.64691980585E9">
    <skipped/>
  </testcase> <!-- @AfterClass closePOMObjects -->
  <testcase classname="pack.VerifyHeaders" name="@AfterTest closeBrowser" time="-1.646919805855E9">
    <skipped/>
  </testcase> <!-- @AfterTest closeBrowser -->
  <testcase classname="pack.VerifyHeaders" name="verifyDashboardPage" time="0.0">
    <skipped/>
  </testcase> <!-- verifyDashboardPage -->
  <testcase classname="pack.VerifyHeaders" name="verifyOrderPage" time="0.0">
    <skipped/>
  </testcase> <!-- verifyOrderPage -->
  <testcase classname="pack.VerifyHeaders" name="verifyHoldingsPage" time="0.0">
    <skipped/>
  </testcase> <!-- verifyHoldingsPage -->
  <testcase classname="pack.VerifyHeaders" name="verifyPositionsPage" time="0.0">
    <skipped/>
  </testcase> <!-- verifyPositionsPage -->
  <testcase classname="pack.VerifyHeaders" name="verifyFundsPage" time="0.0">
    <skipped/>
  </testcase> <!-- verifyFundsPage -->
</testsuite> <!-- Default test(failed) -->
